2026/01/25 20:12:11 [2026-01-25 20:12:11] [INFO] Sesión creada para usuario ID: 1
2026/01/25 20:12:11 [2026-01-25 20:12:11] [INFO] Sesión creada para usuario ID: 1
2026/01/25 20:12:11 [2026-01-25 20:12:11] [INFO] Sesión creada para usuario ID: 1
2026/01/25 20:12:11 [2026-01-25 20:12:11] [INFO] Sesión creada para usuario ID: 1
2026/01/25 20:22:24 [2026-01-25 20:22:24] [INFO] Sesión creada para usuario ID: 1
2026/01/25 20:22:24 [2026-01-25 20:22:24] [INFO] Sesión creada para usuario ID: 1
2026/01/25 20:22:24 [2026-01-25 20:22:24] [INFO] Sesión creada para usuario ID: 1
2026/01/25 20:22:24 [2026-01-25 20:22:24] [INFO] Sesión creada para usuario ID: 1
2026/01/25 20:33:27 [2026-01-25 20:33:27] [INFO] Sesión creada para usuario ID: 1
2026/01/25 20:33:27 [2026-01-25 20:33:27] [INFO] Sesión creada para usuario ID: 1
2026/01/25 20:33:27 [2026-01-25 20:33:27] [INFO] Sesión creada para usuario ID: 1
2026/01/25 20:33:27 [2026-01-25 20:33:27] [INFO] Sesión creada para usuario ID: 1
2026/01/25 20:33:28 [2026-01-25 20:33:28] [INFO] Usuario actualizado ID: 3
2026/01/25 20:37:43 [2026-01-25 20:37:43] [INFO] Sesión creada para usuario ID: 1
2026/01/25 20:37:43 [2026-01-25 20:37:43] [INFO] Sesión creada para usuario ID: 1
2026/01/25 20:37:43 [2026-01-25 20:37:43] [INFO] Sesión creada para usuario ID: 1
2026/01/25 20:37:43 [2026-01-25 20:37:43] [INFO] Sesión creada para usuario ID: 1
2026/01/25 20:37:44 [2026-01-25 20:37:44] [INFO] Usuario actualizado ID: 3
2026/01/25 20:37:44 [2026-01-25 20:37:44] [INFO] Usuario eliminado (lógico) ID: 3
2026/01/25 20:37:44 [2026-01-25 20:37:44] [INFO] Rol otorgado - Usuario ID: 3, Rol ID: 1
2026/01/25 20:42:39 [2026-01-25 20:42:39] [INFO] Sesión creada para usuario ID: 1
2026/01/25 20:42:39 [2026-01-25 20:42:39] [INFO] Sesión creada para usuario ID: 1
2026/01/25 20:42:39 [2026-01-25 20:42:39] [INFO] Sesión creada para usuario ID: 1
2026/01/25 20:42:39 [2026-01-25 20:42:39] [INFO] Sesión creada para usuario ID: 1
2026/01/25 20:42:39 [2026-01-25 20:42:39] [INFO] Usuario actualizado ID: 3
2026/01/25 20:42:39 [2026-01-25 20:42:39] [INFO] Usuario eliminado (lógico) ID: 3
2026/01/25 20:42:39 [2026-01-25 20:42:39] [INFO] Rol otorgado - Usuario ID: 3, Rol ID: 1
2026/01/25 20:42:39 [2026-01-25 20:42:39] [INFO] PII guardado para usuario ID: 3
2026/01/25 20:42:45 [2026-01-25 20:42:45] [INFO] Sesión creada para usuario ID: 1
2026/01/25 20:42:45 [2026-01-25 20:42:45] [INFO] Sesión creada para usuario ID: 1
2026/01/25 20:42:45 [2026-01-25 20:42:45] [INFO] Sesión creada para usuario ID: 1
2026/01/25 20:42:45 [2026-01-25 20:42:45] [INFO] Sesión creada para usuario ID: 1
2026/01/25 20:42:45 [2026-01-25 20:42:45] [INFO] Usuario actualizado ID: 3
2026/01/25 20:42:45 [2026-01-25 20:42:45] [INFO] Usuario eliminado (lógico) ID: 3
2026/01/25 20:42:45 [2026-01-25 20:42:45] [INFO] Rol otorgado - Usuario ID: 3, Rol ID: 1
2026/01/25 20:42:45 [2026-01-25 20:42:45] [INFO] PII guardado para usuario ID: 3
